This is pdfTeX, Version 3.14159265-2.6-1.40.20 (TeX Live 2019/Debian) (preloaded format=pdflatex 2021.4.18)  5 NOV 2021 16:34
entering extended mode
 restricted \write18 enabled.
 %&-line parsing enabled.
**exercise2Sheets.tex
(./exercise2Sheets.tex
LaTeX2e <2020-02-02> patch level 2
L3 programming layer <2020-02-14>
(/usr/share/texlive/texmf-dist/tex/latex/base/report.cls
Document Class: report 2019/12/20 v1.4l Standard LaTeX document class
(/usr/share/texlive/texmf-dist/tex/latex/base/fleqn.clo
File: fleqn.clo 2016/12/29 v1.2b Standard LaTeX option (flush left equations)
\mathindent=\dimen134
Applying: [2015/01/01] Make \[ robust on input line 50.
LaTeX Info: Redefining \[ on input line 51.
Already applied: [0000/00/00] Make \[ robust on input line 62.
Applying: [2015/01/01] Make \] robust on input line 74.
LaTeX Info: Redefining \] on input line 75.
Already applied: [0000/00/00] Make \] robust on input line 83.
)
(/usr/share/texlive/texmf-dist/tex/latex/base/size12.clo
File: size12.clo 2019/12/20 v1.4l Standard LaTeX file (size option)
)
\c@part=\count167
\c@chapter=\count168
\c@section=\count169
\c@subsection=\count170
\c@subsubsection=\count171
\c@paragraph=\count172
\c@subparagraph=\count173
\c@figure=\count174
\c@table=\count175
\abovecaptionskip=\skip47
\belowcaptionskip=\skip48
\bibindent=\dimen135
)
(/usr/share/texlive/texmf-dist/tex/latex/amsmath/amsmath.sty
Package: amsmath 2020/01/20 v2.17e AMS math features
\@mathmargin=\skip49

For additional information on amsmath, use the `?' option.
(/usr/share/texlive/texmf-dist/tex/latex/amsmath/amstext.sty
Package: amstext 2000/06/29 v2.01 AMS text

(/usr/share/texlive/texmf-dist/tex/latex/amsmath/amsgen.sty
File: amsgen.sty 1999/11/30 v2.0 generic functions
\@emptytoks=\toks14
\ex@=\dimen136
))
(/usr/share/texlive/texmf-dist/tex/latex/amsmath/amsbsy.sty
Package: amsbsy 1999/11/29 v1.2d Bold Symbols
\pmbraise@=\dimen137
)
(/usr/share/texlive/texmf-dist/tex/latex/amsmath/amsopn.sty
Package: amsopn 2016/03/08 v2.02 operator names
)
\inf@bad=\count176
LaTeX Info: Redefining \frac on input line 227.
\uproot@=\count177
\leftroot@=\count178
LaTeX Info: Redefining \overline on input line 389.
\classnum@=\count179
\DOTSCASE@=\count180
LaTeX Info: Redefining \ldots on input line 486.
LaTeX Info: Redefining \dots on input line 489.
LaTeX Info: Redefining \cdots on input line 610.
\Mathstrutbox@=\box45
\strutbox@=\box46
\big@size=\dimen138
LaTeX Font Info:    Redeclaring font encoding OML on input line 733.
LaTeX Font Info:    Redeclaring font encoding OMS on input line 734.
\macc@depth=\count181
\c@MaxMatrixCols=\count182
\dotsspace@=\muskip16
\c@parentequation=\count183
\dspbrk@lvl=\count184
\tag@help=\toks15
\row@=\count185
\column@=\count186
\maxfields@=\count187
\andhelp@=\toks16
\eqnshift@=\dimen139
\alignsep@=\dimen140
\tagshift@=\dimen141
\tagwidth@=\dimen142
\totwidth@=\dimen143
\lineht@=\dimen144
\@envbody=\toks17
\multlinegap=\skip50
\multlinetaggap=\skip51
\mathdisplay@stack=\toks18
LaTeX Info: Redefining \[ on input line 2859.
LaTeX Info: Redefining \] on input line 2860.
)
(/usr/share/texlive/texmf-dist/tex/latex/amsfonts/amssymb.sty
Package: amssymb 2013/01/14 v3.01 AMS font symbols

(/usr/share/texlive/texmf-dist/tex/latex/amsfonts/amsfonts.sty
Package: amsfonts 2013/01/14 v3.01 Basic AMSFonts support
\symAMSa=\mathgroup4
\symAMSb=\mathgroup5
LaTeX Font Info:    Redeclaring math symbol \hbar on input line 98.
LaTeX Font Info:    Overwriting math alphabet `\mathfrak' in version `bold'
(Font)                  U/euf/m/n --> U/euf/b/n on input line 106.
))
(/usr/share/texlive/texmf-dist/tex/latex/psnfss/times.sty
Package: times 2005/04/12 PSNFSS-v9.2a (SPQR) 
)
(/usr/share/texlive/texmf-dist/tex/latex/tools/bm.sty
Package: bm 2019/07/24 v1.2d Bold Symbol Support (DPC/FMi)
\symboldoperators=\mathgroup6
\symboldletters=\mathgroup7
\symboldsymbols=\mathgroup8
LaTeX Font Info:    Redeclaring math alphabet \mathbf on input line 141.
LaTeX Info: Redefining \bm on input line 209.
)
(/usr/share/texlive/texmf-dist/tex/latex/graphics/graphicx.sty
Package: graphicx 2019/11/30 v1.2a Enhanced LaTeX Graphics (DPC,SPQR)

(/usr/share/texlive/texmf-dist/tex/latex/graphics/keyval.sty
Package: keyval 2014/10/28 v1.15 key=value parser (DPC)
\KV@toks@=\toks19
)
(/usr/share/texlive/texmf-dist/tex/latex/graphics/graphics.sty
Package: graphics 2019/11/30 v1.4a Standard LaTeX Graphics (DPC,SPQR)

(/usr/share/texlive/texmf-dist/tex/latex/graphics/trig.sty
Package: trig 2016/01/03 v1.10 sin cos tan (DPC)
)
(/usr/share/texlive/texmf-dist/tex/latex/graphics-cfg/graphics.cfg
File: graphics.cfg 2016/06/04 v1.11 sample graphics configuration
)
Package graphics Info: Driver file: pdftex.def on input line 105.

(/usr/share/texlive/texmf-dist/tex/latex/graphics-def/pdftex.def
File: pdftex.def 2018/01/08 v1.0l Graphics/color driver for pdftex
))
\Gin@req@height=\dimen145
\Gin@req@width=\dimen146
)
(/usr/share/texlive/texmf-dist/tex/latex/subfig/subfig.sty
Package: subfig 2005/06/28 ver: 1.3 subfig package

(/usr/share/texlive/texmf-dist/tex/latex/caption/caption.sty
Package: caption 2020/01/03 v3.4h Customizing captions (AR)

(/usr/share/texlive/texmf-dist/tex/latex/caption/caption3.sty
Package: caption3 2020/01/03 v1.8h caption3 kernel (AR)
Package caption3 Info: TeX engine: e-TeX on input line 61.
\captionmargin=\dimen147
\captionmargin@=\dimen148
\captionwidth=\dimen149
\caption@tempdima=\dimen150
\caption@indent=\dimen151
\caption@parindent=\dimen152
\caption@hangindent=\dimen153
Package caption Info: Standard document class detected.
)
\c@caption@flags=\count188
\c@continuedfloat=\count189
)
\c@KVtest=\count190
\sf@farskip=\skip52
\sf@captopadj=\dimen154
\sf@capskip=\skip53
\sf@nearskip=\skip54
\c@subfigure=\count191
\c@subfigure@save=\count192
\c@lofdepth=\count193
\c@subtable=\count194
\c@subtable@save=\count195
\c@lotdepth=\count196
\sf@top=\skip55
\sf@bottom=\skip56
)
(/usr/share/texlive/texmf-dist/tex/latex/booktabs/booktabs.sty
Package: booktabs 2020/01/12 v1.61803398 Publication quality tables
\heavyrulewidth=\dimen155
\lightrulewidth=\dimen156
\cmidrulewidth=\dimen157
\belowrulesep=\dimen158
\belowbottomsep=\dimen159
\aboverulesep=\dimen160
\abovetopsep=\dimen161
\cmidrulesep=\dimen162
\cmidrulekern=\dimen163
\defaultaddspace=\dimen164
\@cmidla=\count197
\@cmidlb=\count198
\@aboverulesep=\dimen165
\@belowrulesep=\dimen166
\@thisruleclass=\count199
\@lastruleclass=\count266
\@thisrulewidth=\dimen167
)
(/usr/share/texlive/texmf-dist/tex/latex/xcolor/xcolor.sty
Package: xcolor 2016/05/11 v2.12 LaTeX color extensions (UK)

(/usr/share/texlive/texmf-dist/tex/latex/graphics-cfg/color.cfg
File: color.cfg 2016/01/02 v1.6 sample color configuration
)
Package xcolor Info: Driver file: pdftex.def on input line 225.
Package xcolor Info: Model `cmy' substituted by `cmy0' on input line 1348.
Package xcolor Info: Model `hsb' substituted by `rgb' on input line 1352.
Package xcolor Info: Model `RGB' extended on input line 1364.
Package xcolor Info: Model `HTML' substituted by `rgb' on input line 1366.
Package xcolor Info: Model `Hsb' substituted by `hsb' on input line 1367.
Package xcolor Info: Model `tHsb' substituted by `hsb' on input line 1368.
Package xcolor Info: Model `HSB' substituted by `hsb' on input line 1369.
Package xcolor Info: Model `Gray' substituted by `gray' on input line 1370.
Package xcolor Info: Model `wave' substituted by `hsb' on input line 1371.

(/usr/share/texlive/texmf-dist/tex/latex/xcolor/svgnam.def
File: svgnam.def 2016/05/11 v2.12 Predefined colors according to SVG 1.1 (UK)
))
(/usr/share/texlive/texmf-dist/tex/latex/fancyhdr/fancyhdr.sty
Package: fancyhdr 2019/01/31 v3.10 Extensive control of page headers and footer
s
\f@nch@headwidth=\skip57
\f@nch@O@elh=\skip58
\f@nch@O@erh=\skip59
\f@nch@O@olh=\skip60
\f@nch@O@orh=\skip61
\f@nch@O@elf=\skip62
\f@nch@O@erf=\skip63
\f@nch@O@olf=\skip64
\f@nch@O@orf=\skip65
)
(/usr/share/texlive/texmf-dist/tex/latex/hyperref/hyperref.sty
Package: hyperref 2020/01/14 v7.00d Hypertext links for LaTeX

(/usr/share/texlive/texmf-dist/tex/generic/ltxcmds/ltxcmds.sty
Package: ltxcmds 2019/12/15 v1.24 LaTeX kernel commands for general use (HO)
)
(/usr/share/texlive/texmf-dist/tex/generic/iftex/iftex.sty
Package: iftex 2019/11/07 v1.0c TeX engine tests
)
(/usr/share/texlive/texmf-dist/tex/latex/pdftexcmds/pdftexcmds.sty
Package: pdftexcmds 2019/11/24 v0.31 Utility functions of pdfTeX for LuaTeX (HO
)

(/usr/share/texlive/texmf-dist/tex/generic/infwarerr/infwarerr.sty
Package: infwarerr 2019/12/03 v1.5 Providing info/warning/error messages (HO)
)
Package pdftexcmds Info: \pdf@primitive is available.
Package pdftexcmds Info: \pdf@ifprimitive is available.
Package pdftexcmds Info: \pdfdraftmode found.
)
(/usr/share/texlive/texmf-dist/tex/generic/kvsetkeys/kvsetkeys.sty
Package: kvsetkeys 2019/12/15 v1.18 Key value parser (HO)
)
(/usr/share/texlive/texmf-dist/tex/generic/kvdefinekeys/kvdefinekeys.sty
Package: kvdefinekeys 2019-12-19 v1.6 Define keys (HO)
)
(/usr/share/texlive/texmf-dist/tex/generic/pdfescape/pdfescape.sty
Package: pdfescape 2019/12/09 v1.15 Implements pdfTeX's escape features (HO)
)
(/usr/share/texlive/texmf-dist/tex/latex/hycolor/hycolor.sty
Package: hycolor 2020-01-27 v1.10 Color options for hyperref/bookmark (HO)
)
(/usr/share/texlive/texmf-dist/tex/latex/letltxmacro/letltxmacro.sty
Package: letltxmacro 2019/12/03 v1.6 Let assignment for LaTeX macros (HO)
)
(/usr/share/texlive/texmf-dist/tex/latex/auxhook/auxhook.sty
Package: auxhook 2019-12-17 v1.6 Hooks for auxiliary files (HO)
)
(/usr/share/texlive/texmf-dist/tex/latex/kvoptions/kvoptions.sty
Package: kvoptions 2019/11/29 v3.13 Key value format for package options (HO)
)
\@linkdim=\dimen168
\Hy@linkcounter=\count267
\Hy@pagecounter=\count268

(/usr/share/texlive/texmf-dist/tex/latex/hyperref/pd1enc.def
File: pd1enc.def 2020/01/14 v7.00d Hyperref: PDFDocEncoding definition (HO)
Now handling font encoding PD1 ...
... no UTF-8 mapping file for font encoding PD1
)
(/usr/share/texlive/texmf-dist/tex/generic/intcalc/intcalc.sty
Package: intcalc 2019/12/15 v1.3 Expandable calculations with integers (HO)
)
(/usr/share/texlive/texmf-dist/tex/generic/etexcmds/etexcmds.sty
Package: etexcmds 2019/12/15 v1.7 Avoid name clashes with e-TeX commands (HO)
)
\Hy@SavedSpaceFactor=\count269
\pdfmajorversion=\count270
Package hyperref Info: Hyper figures OFF on input line 4547.
Package hyperref Info: Link nesting OFF on input line 4552.
Package hyperref Info: Hyper index ON on input line 4555.
Package hyperref Info: Plain pages OFF on input line 4562.
Package hyperref Info: Backreferencing OFF on input line 4567.
Package hyperref Info: Implicit mode ON; LaTeX internals redefined.
Package hyperref Info: Bookmarks ON on input line 4800.
\c@Hy@tempcnt=\count271

(/usr/share/texlive/texmf-dist/tex/latex/url/url.sty
\Urlmuskip=\muskip17
Package: url 2013/09/16  ver 3.4  Verb mode for urls, etc.
)
LaTeX Info: Redefining \url on input line 5159.
\XeTeXLinkMargin=\dimen169

(/usr/share/texlive/texmf-dist/tex/generic/bitset/bitset.sty
Package: bitset 2019/12/09 v1.3 Handle bit-vector datatype (HO)

(/usr/share/texlive/texmf-dist/tex/generic/bigintcalc/bigintcalc.sty
Package: bigintcalc 2019/12/15 v1.5 Expandable calculations on big integers (HO
)
))
\Fld@menulength=\count272
\Field@Width=\dimen170
\Fld@charsize=\dimen171
Package hyperref Info: Hyper figures OFF on input line 6430.
Package hyperref Info: Link nesting OFF on input line 6435.
Package hyperref Info: Hyper index ON on input line 6438.
Package hyperref Info: backreferencing OFF on input line 6445.
Package hyperref Info: Link coloring OFF on input line 6450.
Package hyperref Info: Link coloring with OCG OFF on input line 6455.
Package hyperref Info: PDF/A mode OFF on input line 6460.
LaTeX Info: Redefining \ref on input line 6500.
LaTeX Info: Redefining \pageref on input line 6504.

(/usr/share/texlive/texmf-dist/tex/generic/atbegshi/atbegshi.sty
Package: atbegshi 2019/12/05 v1.19 At begin shipout hook (HO)
)
\Hy@abspage=\count273
\c@Item=\count274
\c@Hfootnote=\count275
)
Package hyperref Info: Driver (autodetected): hpdftex.

(/usr/share/texlive/texmf-dist/tex/latex/hyperref/hpdftex.def
File: hpdftex.def 2020/01/14 v7.00d Hyperref driver for pdfTeX

(/usr/share/texlive/texmf-dist/tex/latex/atveryend/atveryend.sty
Package: atveryend 2019-12-11 v1.11 Hooks at the very end of document (HO)
Package atveryend Info: \enddocument detected (standard20110627).
)
\Fld@listcount=\count276
\c@bookmark@seq@number=\count277

(/usr/share/texlive/texmf-dist/tex/latex/rerunfilecheck/rerunfilecheck.sty
Package: rerunfilecheck 2019/12/05 v1.9 Rerun checks for auxiliary files (HO)

(/usr/share/texlive/texmf-dist/tex/generic/uniquecounter/uniquecounter.sty
Package: uniquecounter 2019/12/15 v1.4 Provide unlimited unique counter (HO)
)
Package uniquecounter Info: New unique counter `rerunfilecheck' on input line 2
86.
)
\Hy@SectionHShift=\skip66
)
Package hyperref Info: Option `colorlinks' set `true' on input line 38.


Package hyperref Warning: Option `bookmarks' has already been used,
(hyperref)                setting the option has no effect on input line 38.

(/usr/share/texlive/texmf-dist/tex/latex/algorithmicx/algpseudocode.sty
Package: algpseudocode 

(/usr/share/texlive/texmf-dist/tex/latex/base/ifthen.sty
Package: ifthen 2014/09/29 v1.1c Standard LaTeX ifthen package (DPC)
)
(/usr/share/texlive/texmf-dist/tex/latex/algorithmicx/algorithmicx.sty
Package: algorithmicx 2005/04/27 v1.2 Algorithmicx

Document Style algorithmicx 1.2 - a greatly improved `algorithmic' style
\c@ALG@line=\count278
\c@ALG@rem=\count279
\c@ALG@nested=\count280
\ALG@tlm=\skip67
\ALG@thistlm=\skip68
\c@ALG@Lnr=\count281
\c@ALG@blocknr=\count282
\c@ALG@storecount=\count283
\c@ALG@tmpcounter=\count284
\ALG@tmplength=\skip69
)
Document Style - pseudocode environments for use with the `algorithmicx' style
) (/usr/share/texlive/texmf-dist/tex/latex/fancyvrb/fancyvrb.sty
Package: fancyvrb 2020/01/13 v3.5 verbatim text (tvz,hv)
\FV@CodeLineNo=\count285
\FV@InFile=\read2
\FV@TabBox=\box47
\c@FancyVerbLine=\count286
\FV@StepNumber=\count287
\FV@OutFile=\write3
)
(/usr/share/texlive/texmf-dist/tex/latex/listings/listings.sty
\lst@mode=\count288
\lst@gtempboxa=\box48
\lst@token=\toks20
\lst@length=\count289
\lst@currlwidth=\dimen172
\lst@column=\count290
\lst@pos=\count291
\lst@lostspace=\dimen173
\lst@width=\dimen174
\lst@newlines=\count292
\lst@lineno=\count293
\lst@maxwidth=\dimen175

(/usr/share/texlive/texmf-dist/tex/latex/listings/lstmisc.sty
File: lstmisc.sty 2019/09/10 1.8c (Carsten Heinz)
\c@lstnumber=\count294
\lst@skipnumbers=\count295
\lst@framebox=\box49
)
(/usr/share/texlive/texmf-dist/tex/latex/listings/listings.cfg
File: listings.cfg 2019/09/10 1.8c listings configuration
))
Package: listings 2019/09/10 1.8c (Carsten Heinz)

(/usr/share/texlive/texmf-dist/tex/latex/l3backend/l3backend-pdfmode.def
File: l3backend-pdfmode.def 2020-02-03 L3 backend support: PDF mode
\l__kernel_color_stack_int=\count296
\l__pdf_internal_box=\box50
)
(./exercise2Sheets.aux (./task02-1.aux) (./task02-2.aux) (./task02-3.aux)
(./task02-4.aux) (./task02-5.aux) (./task02-6.aux) (./task02-7.aux))
\openout1 = `exercise2Sheets.aux'.

LaTeX Font Info:    Checking defaults for OML/cmm/m/it on input line 160.
LaTeX Font Info:    ... okay on input line 160.
LaTeX Font Info:    Checking defaults for OMS/cmsy/m/n on input line 160.
LaTeX Font Info:    ... okay on input line 160.
LaTeX Font Info:    Checking defaults for OT1/cmr/m/n on input line 160.
LaTeX Font Info:    ... okay on input line 160.
LaTeX Font Info:    Checking defaults for T1/cmr/m/n on input line 160.
LaTeX Font Info:    ... okay on input line 160.
LaTeX Font Info:    Checking defaults for TS1/cmr/m/n on input line 160.
LaTeX Font Info:    ... okay on input line 160.
LaTeX Font Info:    Checking defaults for OMX/cmex/m/n on input line 160.
LaTeX Font Info:    ... okay on input line 160.
LaTeX Font Info:    Checking defaults for U/cmr/m/n on input line 160.
LaTeX Font Info:    ... okay on input line 160.
LaTeX Font Info:    Checking defaults for PD1/pdf/m/n on input line 160.
LaTeX Font Info:    ... okay on input line 160.
LaTeX Font Info:    Trying to load font information for OT1+phv on input line 1
60.

(/usr/share/texlive/texmf-dist/tex/latex/psnfss/ot1phv.fd
File: ot1phv.fd 2001/06/04 scalable font definitions for OT1/phv.
)
(/usr/share/texlive/texmf-dist/tex/context/base/mkii/supp-pdf.mkii
[Loading MPS to PDF converter (version 2006.09.02).]
\scratchcounter=\count297
\scratchdimen=\dimen176
\scratchbox=\box51
\nofMPsegments=\count298
\nofMParguments=\count299
\everyMPshowfont=\toks21
\MPscratchCnt=\count300
\MPscratchDim=\dimen177
\MPnumerator=\count301
\makeMPintoPDFobject=\count302
\everyMPtoPDFconversion=\toks22
) (/usr/share/texlive/texmf-dist/tex/latex/epstopdf-pkg/epstopdf-base.sty
Package: epstopdf-base 2020-01-24 v2.11 Base part for package epstopdf
Package epstopdf-base Info: Redefining graphics rule for `.eps' on input line 4
85.

(/usr/share/texlive/texmf-dist/tex/latex/latexconfig/epstopdf-sys.cfg
File: epstopdf-sys.cfg 2010/07/13 v1.3 Configuration of (r)epstopdf for TeX Liv
e
))
Package caption Info: Begin \AtBeginDocument code.
Package caption Info: subfig package v1.3 is loaded.
Package caption Info: hyperref package is loaded.
Package caption Info: listings package is loaded.
Package caption Info: End \AtBeginDocument code.
\AtBeginShipoutBox=\box52
Package hyperref Info: Link coloring ON on input line 160.

(/usr/share/texlive/texmf-dist/tex/latex/hyperref/nameref.sty
Package: nameref 2019/09/16 v2.46 Cross-referencing by name of section

(/usr/share/texlive/texmf-dist/tex/latex/refcount/refcount.sty
Package: refcount 2019/12/15 v3.6 Data extraction from label references (HO)
)
(/usr/share/texlive/texmf-dist/tex/generic/gettitlestring/gettitlestring.sty
Package: gettitlestring 2019/12/15 v1.6 Cleanup title references (HO)
)
\c@section@level=\count303
)
LaTeX Info: Redefining \ref on input line 160.
LaTeX Info: Redefining \pageref on input line 160.
LaTeX Info: Redefining \nameref on input line 160.

(./exercise2Sheets.out) (./exercise2Sheets.out)
\@outlinefile=\write4
\openout4 = `exercise2Sheets.out'.

\c@lstlisting=\count304
 (./titlePage.tex
LaTeX Font Info:    Trying to load font information for U+msa on input line 5.

(/usr/share/texlive/texmf-dist/tex/latex/amsfonts/umsa.fd
File: umsa.fd 2013/01/14 v3.01 AMS symbols A
)
LaTeX Font Info:    Trying to load font information for U+msb on input line 5.

(/usr/share/texlive/texmf-dist/tex/latex/amsfonts/umsb.fd
File: umsb.fd 2013/01/14 v3.01 AMS symbols B
)
LaTeX Font Info:    Font shape `OT1/phv/m/it' in size <12> not available
(Font)              Font shape `OT1/phv/m/sl' tried instead on input line 31.
 [1{/var/lib/texmf/fonts/map/pdftex/updmap/pdftex.map}

]
(/usr/share/texlive/texmf-dist/tex/latex/listings/lstlang1.sty
File: lstlang1.sty 2019/09/10 1.8c listings language file
)
LaTeX Font Info:    Trying to load font information for OT1+pcr on input line 5
0.

(/usr/share/texlive/texmf-dist/tex/latex/psnfss/ot1pcr.fd
File: ot1pcr.fd 2001/06/04 font definitions for OT1/pcr.
)) [2]
\openout2 = `task02-1.aux'.

 (./task02-1.tex
LaTeX Font Info:    Font shape `OT1/pcr/m/it' in size <12> not available
(Font)              Font shape `OT1/pcr/m/sl' tried instead on input line 6.
<./Figures/portrait.png, id=44, 256.96pt x 256.96pt>
File: ./Figures/portrait.png Graphic file (type png)
<use ./Figures/portrait.png>
Package pdftex.def Info: ./Figures/portrait.png  used on input line 15.
(pdftex.def)             Requested size: 155.99762pt x 156.0004pt.
<./Figures/t2-1-128x128.png, id=45, 128.48pt x 128.48pt>
File: ./Figures/t2-1-128x128.png Graphic file (type png)
<use ./Figures/t2-1-128x128.png>
Package pdftex.def Info: ./Figures/t2-1-128x128.png  used on input line 16.
(pdftex.def)             Requested size: 77.99881pt x 78.00018pt.
<./Figures/t1-4.png, id=46, 46.2528pt x 46.2528pt>
File: ./Figures/t1-4.png Graphic file (type png)
<use ./Figures/t1-4.png>
Package pdftex.def Info: ./Figures/t1-4.png  used on input line 17.
(pdftex.def)             Requested size: 39.00238pt x 39.00452pt.
<./Figures/t1-8.png, id=48, 23.1264pt x 23.1264pt>
File: ./Figures/t1-8.png Graphic file (type png)
<use ./Figures/t1-8.png>
Package pdftex.def Info: ./Figures/t1-8.png  used on input line 18.
(pdftex.def)             Requested size: 19.50119pt x 19.50226pt.
) [3

 <./Figures/portrait.png (PNG copy)> <./Figures/t2-1-128x128.png (PNG copy)> <.
/Figures/t1-4.png> <./Figures/t1-8.png>]
\openout2 = `task02-2.aux'.

 (./task02-2.texpdfTeX warning (ext4): destination with the same identifier (na
me{subfigure.1.1}) has been already used, duplicate ignored
<to be read again> 
                   \relax 
l.38 \subfloat
              [$m = n = 1$]{\includegraphics[width=0.24\textwidth]{portrait....
File: ./Figures/portrait.png Graphic file (type png)
<use ./Figures/portrait.png>
Package pdftex.def Info: ./Figures/portrait.png  used on input line 38.
(pdftex.def)             Requested size: 93.60214pt x 93.60336pt.
pdfTeX warning (ext4): destination with the same identifier (name{subfigure.1.2
}) has been already used, duplicate ignored
<to be read again> 
                   \relax 
l.39 \subfloat
              [$m = n = 2$]{\includegraphics[width=0.24\textwidth]{t2-2.png}...
<./Figures/t2-2.png, id=72, 185.0112pt x 185.0112pt>
File: ./Figures/t2-2.png Graphic file (type png)
<use ./Figures/t2-2.png>
Package pdftex.def Info: ./Figures/t2-2.png  used on input line 39.
(pdftex.def)             Requested size: 93.60214pt x 93.60353pt.
pdfTeX warning (ext4): destination with the same identifier (name{subfigure.1.3
}) has been already used, duplicate ignored
<to be read again> 
                   \relax 
l.40 \subfloat
              [$m = n = 4$]{\includegraphics[width=0.24\textwidth]{t2-4.png}...
<./Figures/t2-4.png, id=73, 185.0112pt x 185.0112pt>
File: ./Figures/t2-4.png Graphic file (type png)
<use ./Figures/t2-4.png>
Package pdftex.def Info: ./Figures/t2-4.png  used on input line 40.
(pdftex.def)             Requested size: 93.60214pt x 93.60353pt.
pdfTeX warning (ext4): destination with the same identifier (name{subfigure.1.4
}) has been already used, duplicate ignored
<to be read again> 
                   \relax 
l.41 \subfloat
              [$m = n = 8$]{\includegraphics[width=0.24\textwidth]{t2-2-8x8....
<./Figures/t2-2-8x8.png, id=74, 256.96pt x 256.96pt>
File: ./Figures/t2-2-8x8.png Graphic file (type png)
<use ./Figures/t2-2-8x8.png>
Package pdftex.def Info: ./Figures/t2-2-8x8.png  used on input line 41.
(pdftex.def)             Requested size: 93.60214pt x 93.60336pt.
) [4


 <./Figures/t2-2.png> <./Figures/t2-4.png> <./Figures/t2-2-8x8.png (PNG copy)>]
\openout2 = `task02-3.aux'.

 (./task02-3.texpdfTeX warning (ext4): destination with the same identifier (na
me{subfigure.1.1}) has been already used, duplicate ignored
<to be read again> 
                   \relax 
l.9 \subfloat
             [given image]{\includegraphics[width=0.32\textwidth]{portrait.p...
File: ./Figures/portrait.png Graphic file (type png)
<use ./Figures/portrait.png>
Package pdftex.def Info: ./Figures/portrait.png  used on input line 9.
(pdftex.def)             Requested size: 124.80286pt x 124.8058pt.
pdfTeX warning (ext4): destination with the same identifier (name{subfigure.1.2
}) has been already used, duplicate ignored
<to be read again> 
                   \relax 
l.10 \subfloat
              [$8 \times 8$ pixelize]{\includegraphics[width=0.32\textwidth]...
<./Figures/t2-3-8x8.png, id=89, 256.96pt x 256.96pt>
File: ./Figures/t2-3-8x8.png Graphic file (type png)
<use ./Figures/t2-3-8x8.png>
Package pdftex.def Info: ./Figures/t2-3-8x8.png  used on input line 10.
(pdftex.def)             Requested size: 124.80286pt x 124.8058pt.
pdfTeX warning (ext4): destination with the same identifier (name{subfigure.1.3
}) has been already used, duplicate ignored
<to be read again> 
                   \relax 
l.11 \subfloat
              [$16 \times 16$ pixelize]{\includegraphics[width=0.32\textwidt...
<./Figures/t2-3-16x16.png, id=90, 256.96pt x 256.96pt>
File: ./Figures/t2-3-16x16.png Graphic file (type png)
<use ./Figures/t2-3-16x16.png>
Package pdftex.def Info: ./Figures/t2-3-16x16.png  used on input line 11.
(pdftex.def)             Requested size: 124.80286pt x 124.8058pt.
[5


 <./Figures/t2-3-8x8.png (PNG copy)> <./Figures/t2-3-16x16.png (PNG copy)>])
[6]
\openout2 = `task02-4.aux'.

 (./task02-4.tex
Overfull \hbox (7.62971pt too wide) in paragraph at lines 6--7
[]\OT1/phv/m/n/12 Implement a func-tion []\OT1/pcr/m/sl/12 medianSuperPixel[] \
OT1/phv/m/n/12 sim-ply by re-plac-ing []\OT1/pcr/m/sl/12 np.mean()[]
 []

<./Figures/t4-mean(4, 4).png, id=153, 185.0112pt x 185.0112pt>
File: ./Figures/t4-mean(4, 4).png Graphic file (type png)
<use ./Figures/t4-mean(4, 4).png>
Package pdftex.def Info: ./Figures/t4-mean(4, 4).png  used on input line 14.
(pdftex.def)             Requested size: 93.60214pt x 93.60353pt.
<./Figures/t4-mean(32, 32).png, id=154, 185.0112pt x 185.0112pt>
File: ./Figures/t4-mean(32, 32).png Graphic file (type png)
<use ./Figures/t4-mean(32, 32).png>
Package pdftex.def Info: ./Figures/t4-mean(32, 32).png  used on input line 15.
(pdftex.def)             Requested size: 93.60214pt x 93.60353pt.
<./Figures/t4-mean(16, 32).png, id=155, 185.0112pt x 185.0112pt>
File: ./Figures/t4-mean(16, 32).png Graphic file (type png)
<use ./Figures/t4-mean(16, 32).png>
Package pdftex.def Info: ./Figures/t4-mean(16, 32).png  used on input line 16.
(pdftex.def)             Requested size: 93.60214pt x 93.60353pt.
<./Figures/t4-mean(32, 16).png, id=156, 185.0112pt x 185.0112pt>
File: ./Figures/t4-mean(32, 16).png Graphic file (type png)
<use ./Figures/t4-mean(32, 16).png>
Package pdftex.def Info: ./Figures/t4-mean(32, 16).png  used on input line 17.
(pdftex.def)             Requested size: 93.60214pt x 93.60353pt.
<./Figures/t4-median(4, 4).png, id=157, 185.0112pt x 185.0112pt>
File: ./Figures/t4-median(4, 4).png Graphic file (type png)
<use ./Figures/t4-median(4, 4).png>
Package pdftex.def Info: ./Figures/t4-median(4, 4).png  used on input line 19.
(pdftex.def)             Requested size: 93.60214pt x 93.60353pt.
<./Figures/t4-median(32, 32).png, id=158, 185.0112pt x 185.0112pt>
File: ./Figures/t4-median(32, 32).png Graphic file (type png)
<use ./Figures/t4-median(32, 32).png>
Package pdftex.def Info: ./Figures/t4-median(32, 32).png  used on input line 20
.
(pdftex.def)             Requested size: 93.60214pt x 93.60353pt.
<./Figures/t4-median(16, 32).png, id=159, 185.0112pt x 185.0112pt>
File: ./Figures/t4-median(16, 32).png Graphic file (type png)
<use ./Figures/t4-median(16, 32).png>
Package pdftex.def Info: ./Figures/t4-median(16, 32).png  used on input line 21
.
(pdftex.def)             Requested size: 93.60214pt x 93.60353pt.
<./Figures/t4-median(32, 16).png, id=160, 185.0112pt x 185.0112pt>
File: ./Figures/t4-median(32, 16).png Graphic file (type png)
<use ./Figures/t4-median(32, 16).png>
Package pdftex.def Info: ./Figures/t4-median(32, 16).png  used on input line 22
.
(pdftex.def)             Requested size: 93.60214pt x 93.60353pt.
) [7


 <./Figures/t4-mean(4, 4).png> <./Figures/t4-mean(32, 32).png> <./Figures/t4-me
an(16, 32).png> <./Figures/t4-mean(32, 16).png> <./Figures/t4-median(4, 4).png>
 <./Figures/t4-median(32, 32).png> <./Figures/t4-median(16, 32).png> <./Figures
/t4-median(32, 16).png>]
\openout2 = `task02-5.aux'.

 (./task02-5.tex
Underfull \hbox (badness 10000) in paragraph at lines 10--16

 []

<./Figures/t5.png, id=175, 2939.9436pt x 1959.9624pt>
File: ./Figures/t5.png Graphic file (type png)
<use ./Figures/t5.png>
Package pdftex.def Info: ./Figures/t5.png  used on input line 17.
(pdftex.def)             Requested size: 233.98907pt x 155.99272pt.
) [8


 <./Figures/t5.png>]
\openout2 = `task02-6.aux'.

 (./task02-6.texpdfTeX warning (ext4): destination with the same identifier (na
me{subfigure.1.1}) has been already used, duplicate ignored
<to be read again> 
                   \relax 
l.6 \subfloat
             [input image]{\includegraphics[width=0.24\textwidth]{portrait.p...
File: ./Figures/portrait.png Graphic file (type png)
<use ./Figures/portrait.png>
Package pdftex.def Info: ./Figures/portrait.png  used on input line 6.
(pdftex.def)             Requested size: 93.60214pt x 93.60336pt.
pdfTeX warning (ext4): destination with the same identifier (name{subfigure.1.2
}) has been already used, duplicate ignored
<to be read again> 
                   \relax 
l.7 \subfloat
             [tile size $8 \times 8$]{\includegraphics[width=0.24\textwidth]...
<./Figures/t2-6-8x8.png, id=182, 256.96pt x 256.96pt>
File: ./Figures/t2-6-8x8.png Graphic file (type png)
<use ./Figures/t2-6-8x8.png>
Package pdftex.def Info: ./Figures/t2-6-8x8.png  used on input line 7.
(pdftex.def)             Requested size: 93.60214pt x 93.60336pt.
pdfTeX warning (ext4): destination with the same identifier (name{subfigure.1.3
}) has been already used, duplicate ignored
<to be read again> 
                   \relax 
l.8 \subfloat
             [tile size $32 \times 32$]{\includegraphics[width=0.24\textwidt...
<./Figures/t2-6-32x32.png, id=183, 256.96pt x 256.96pt>
File: ./Figures/t2-6-32x32.png Graphic file (type png)
<use ./Figures/t2-6-32x32.png>
Package pdftex.def Info: ./Figures/t2-6-32x32.png  used on input line 8.
(pdftex.def)             Requested size: 93.60214pt x 93.60336pt.
pdfTeX warning (ext4): destination with the same identifier (name{subfigure.1.4
}) has been already used, duplicate ignored
<to be read again> 
                   \relax 
l.9 \subfloat
             [tile size $13 \times 7$]{\includegraphics[width=0.24\textwidth...
<./Figures/t2-6-13x7.png, id=184, 256.96pt x 256.96pt>
File: ./Figures/t2-6-13x7.png Graphic file (type png)
<use ./Figures/t2-6-13x7.png>
Package pdftex.def Info: ./Figures/t2-6-13x7.png  used on input line 9.
(pdftex.def)             Requested size: 93.60214pt x 93.60336pt.
LaTeX Font Info:    Font shape `OT1/pcr/m/it' in size <8> not available
(Font)              Font shape `OT1/pcr/m/sl' tried instead on input line 26.

Overfull \hbox (18.00415pt too wide) in paragraph at lines 34--35
[][][][][][][][][][][][][][][][][][][][][][][][][][][][][][][][][][][][][] 
 []

) [9


 <./Figures/t2-6-8x8.png (PNG copy)> <./Figures/t2-6-32x32.png (PNG copy)> <./F
igures/t2-6-13x7.png (PNG copy)>]
\openout2 = `task02-7.aux'.

 (./task02-7.tex [10


]) [11]
Package atveryend Info: Empty hook `BeforeClearDocument' on input line 181.
Package atveryend Info: Empty hook `AfterLastShipout' on input line 181.

(./exercise2Sheets.aux (./task02-1.aux) (./task02-2.aux) (./task02-3.aux)
(./task02-4.aux) (./task02-5.aux) (./task02-6.aux) (./task02-7.aux))
Package atveryend Info: Executing hook `AtVeryEndDocument' on input line 181.
Package atveryend Info: Executing hook `AtEndAfterFileList' on input line 181.
Package rerunfilecheck Info: File `exercise2Sheets.out' has not changed.
(rerunfilecheck)             Checksum: D41D8CD98F00B204E9800998ECF8427E;0.
Package atveryend Info: Empty hook `AtVeryVeryEnd' on input line 181.
 ) 
Here is how much of TeX's memory you used:
 11705 strings out of 481239
 170850 string characters out of 5920377
 639582 words of memory out of 5000000
 26547 multiletter control sequences out of 15000+600000
 555750 words of font info for 87 fonts, out of 8000000 for 9000
 1141 hyphenation exceptions out of 8191
 50i,11n,53p,483b,1304s stack positions out of 5000i,500n,10000p,200000b,80000s
{/usr/share/texlive/texmf-dist/fonts/enc/dvips/base/8r.enc}</usr/share/texliv
e/texmf-dist/fonts/type1/public/amsfonts/cm/cmex10.pfb></usr/share/texlive/texm
f-dist/fonts/type1/public/amsfonts/cm/cmmi10.pfb></usr/share/texlive/texmf-dist
/fonts/type1/public/amsfonts/cm/cmmi12.pfb></usr/share/texlive/texmf-dist/fonts
/type1/public/amsfonts/cm/cmmi8.pfb></usr/share/texlive/texmf-dist/fonts/type1/
public/amsfonts/cm/cmmib10.pfb></usr/share/texlive/texmf-dist/fonts/type1/publi
c/amsfonts/cm/cmr10.pfb></usr/share/texlive/texmf-dist/fonts/type1/public/amsfo
nts/cm/cmr12.pfb></usr/share/texlive/texmf-dist/fonts/type1/public/amsfonts/cm/
cmr8.pfb></usr/share/texlive/texmf-dist/fonts/type1/public/amsfonts/cm/cmsy10.p
fb></usr/share/texlive/texmf-dist/fonts/type1/public/amsfonts/symbols/msam10.pf
b></usr/share/texlive/texmf-dist/fonts/type1/urw/courier/ucrr8a.pfb></usr/share
/texlive/texmf-dist/fonts/type1/urw/courier/ucrro8a.pfb></usr/share/texlive/tex
mf-dist/fonts/type1/urw/helvetic/uhvb8a.pfb></usr/share/texlive/texmf-dist/font
s/type1/urw/helvetic/uhvr8a.pfb></usr/share/texlive/texmf-dist/fonts/type1/urw/
helvetic/uhvro8a.pfb>
Output written on exercise2Sheets.pdf (11 pages, 549639 bytes).
PDF statistics:
 319 PDF objects out of 1000 (max. 8388607)
 254 compressed objects within 3 object streams
 147 named destinations out of 1000 (max. 500000)
 106 words of extra memory for PDF output out of 10000 (max. 10000000)

